running egg_info
creating ../../build/6_dim_state/6_dim_state.egg-info
writing ../../build/6_dim_state/6_dim_state.egg-info/PKG-INFO
writing dependency_links to ../../build/6_dim_state/6_dim_state.egg-info/dependency_links.txt
writing entry points to ../../build/6_dim_state/6_dim_state.egg-info/entry_points.txt
writing requirements to ../../build/6_dim_state/6_dim_state.egg-info/requires.txt
writing top-level names to ../../build/6_dim_state/6_dim_state.egg-info/top_level.txt
writing manifest file '../../build/6_dim_state/6_dim_state.egg-info/SOURCES.txt'
reading manifest file '../../build/6_dim_state/6_dim_state.egg-info/SOURCES.txt'
adding license file 'LICENSE'
writing manifest file '../../build/6_dim_state/6_dim_state.egg-info/SOURCES.txt'
running build
running build_py
creating /home/dev-desktop/workspace/ros2-bootcamp/W1/build/6_dim_state/build
creating /home/dev-desktop/workspace/ros2-bootcamp/W1/build/6_dim_state/build/lib
creating /home/dev-desktop/workspace/ros2-bootcamp/W1/build/6_dim_state/build/lib/6_dim_state
copying 6_dim_state/__init__.py -> /home/dev-desktop/workspace/ros2-bootcamp/W1/build/6_dim_state/build/lib/6_dim_state
running install
running install_lib
creating /home/dev-desktop/workspace/ros2-bootcamp/W1/install/6_dim_state/lib/python3.10/site-packages/6_dim_state
copying /home/dev-desktop/workspace/ros2-bootcamp/W1/build/6_dim_state/build/lib/6_dim_state/__init__.py -> /home/dev-desktop/workspace/ros2-bootcamp/W1/install/6_dim_state/lib/python3.10/site-packages/6_dim_state
byte-compiling /home/dev-desktop/workspace/ros2-bootcamp/W1/install/6_dim_state/lib/python3.10/site-packages/6_dim_state/__init__.py to __init__.cpython-310.pyc
running install_data
creating /home/dev-desktop/workspace/ros2-bootcamp/W1/install/6_dim_state/share/ament_index
creating /home/dev-desktop/workspace/ros2-bootcamp/W1/install/6_dim_state/share/ament_index/resource_index
creating /home/dev-desktop/workspace/ros2-bootcamp/W1/install/6_dim_state/share/ament_index/resource_index/packages
copying resource/6_dim_state -> /home/dev-desktop/workspace/ros2-bootcamp/W1/install/6_dim_state/share/ament_index/resource_index/packages
copying package.xml -> /home/dev-desktop/workspace/ros2-bootcamp/W1/install/6_dim_state/share/6_dim_state
running install_egg_info
Copying ../../build/6_dim_state/6_dim_state.egg-info to /home/dev-desktop/workspace/ros2-bootcamp/W1/install/6_dim_state/lib/python3.10/site-packages/6_dim_state-0.0.0-py3.10.egg-info
running install_scripts
writing list of installed files to '/home/dev-desktop/workspace/ros2-bootcamp/W1/build/6_dim_state/install.log'
