[0.319s] Invoking command in '/home/dev-desktop/workspace/ros2-bootcamp/W1/src/6_dim_state': CONDA_PROMPT_MODIFIER=(base) PYTHONPATH=/home/dev-desktop/workspace/ros2-bootcamp/W1/build/6_dim_state/prefix_override:/usr/lib/python3/dist-packages/colcon_core/task/python/colcon_distutils_commands:/home/dev-desktop/workspace/ros2-bootcamp/W1/install/6_dim_state/lib/python3.10/site-packages:${PYTHONPATH} /usr/bin/python3 -W ignore:setup.py install is deprecated setup.py egg_info --egg-base ../../build/6_dim_state build --build-base /home/dev-desktop/workspace/ros2-bootcamp/W1/build/6_dim_state/build install --record /home/dev-desktop/workspace/ros2-bootcamp/W1/build/6_dim_state/install.log --single-version-externally-managed install_data
[0.439s] running egg_info
[0.439s] creating ../../build/6_dim_state/6_dim_state.egg-info
[0.440s] writing ../../build/6_dim_state/6_dim_state.egg-info/PKG-INFO
[0.440s] writing dependency_links to ../../build/6_dim_state/6_dim_state.egg-info/dependency_links.txt
[0.440s] writing entry points to ../../build/6_dim_state/6_dim_state.egg-info/entry_points.txt
[0.440s] writing requirements to ../../build/6_dim_state/6_dim_state.egg-info/requires.txt
[0.440s] writing top-level names to ../../build/6_dim_state/6_dim_state.egg-info/top_level.txt
[0.440s] writing manifest file '../../build/6_dim_state/6_dim_state.egg-info/SOURCES.txt'
[0.441s] reading manifest file '../../build/6_dim_state/6_dim_state.egg-info/SOURCES.txt'
[0.441s] adding license file 'LICENSE'
[0.442s] writing manifest file '../../build/6_dim_state/6_dim_state.egg-info/SOURCES.txt'
[0.442s] running build
[0.442s] running build_py
[0.442s] creating /home/dev-desktop/workspace/ros2-bootcamp/W1/build/6_dim_state/build
[0.442s] creating /home/dev-desktop/workspace/ros2-bootcamp/W1/build/6_dim_state/build/lib
[0.442s] creating /home/dev-desktop/workspace/ros2-bootcamp/W1/build/6_dim_state/build/lib/6_dim_state
[0.443s] copying 6_dim_state/__init__.py -> /home/dev-desktop/workspace/ros2-bootcamp/W1/build/6_dim_state/build/lib/6_dim_state
[0.443s] running install
[0.443s] running install_lib
[0.443s] creating /home/dev-desktop/workspace/ros2-bootcamp/W1/install/6_dim_state/lib/python3.10/site-packages/6_dim_state
[0.444s] copying /home/dev-desktop/workspace/ros2-bootcamp/W1/build/6_dim_state/build/lib/6_dim_state/__init__.py -> /home/dev-desktop/workspace/ros2-bootcamp/W1/install/6_dim_state/lib/python3.10/site-packages/6_dim_state
[0.444s] byte-compiling /home/dev-desktop/workspace/ros2-bootcamp/W1/install/6_dim_state/lib/python3.10/site-packages/6_dim_state/__init__.py to __init__.cpython-310.pyc
[0.444s] running install_data
[0.444s] creating /home/dev-desktop/workspace/ros2-bootcamp/W1/install/6_dim_state/share/ament_index
[0.445s] creating /home/dev-desktop/workspace/ros2-bootcamp/W1/install/6_dim_state/share/ament_index/resource_index
[0.445s] creating /home/dev-desktop/workspace/ros2-bootcamp/W1/install/6_dim_state/share/ament_index/resource_index/packages
[0.445s] copying resource/6_dim_state -> /home/dev-desktop/workspace/ros2-bootcamp/W1/install/6_dim_state/share/ament_index/resource_index/packages
[0.445s] copying package.xml -> /home/dev-desktop/workspace/ros2-bootcamp/W1/install/6_dim_state/share/6_dim_state
[0.445s] running install_egg_info
[0.446s] Copying ../../build/6_dim_state/6_dim_state.egg-info to /home/dev-desktop/workspace/ros2-bootcamp/W1/install/6_dim_state/lib/python3.10/site-packages/6_dim_state-0.0.0-py3.10.egg-info
[0.447s] running install_scripts
[0.457s] writing list of installed files to '/home/dev-desktop/workspace/ros2-bootcamp/W1/build/6_dim_state/install.log'
[0.472s] Invoked command in '/home/dev-desktop/workspace/ros2-bootcamp/W1/src/6_dim_state' returned '0': CONDA_PROMPT_MODIFIER=(base) PYTHONPATH=/home/dev-desktop/workspace/ros2-bootcamp/W1/build/6_dim_state/prefix_override:/usr/lib/python3/dist-packages/colcon_core/task/python/colcon_distutils_commands:/home/dev-desktop/workspace/ros2-bootcamp/W1/install/6_dim_state/lib/python3.10/site-packages:${PYTHONPATH} /usr/bin/python3 -W ignore:setup.py install is deprecated setup.py egg_info --egg-base ../../build/6_dim_state build --build-base /home/dev-desktop/workspace/ros2-bootcamp/W1/build/6_dim_state/build install --record /home/dev-desktop/workspace/ros2-bootcamp/W1/build/6_dim_state/install.log --single-version-externally-managed install_data
